{"C:\\Users\\sukhm\\OneDrive\\Desktop\\test_projects-master\\src\\functions\\add.js": {"path":"C:\\Users\\sukhm\\OneDrive\\Desktop\\test_projects-master\\src\\functions\\add.js","statementMap":{"0":{"start":{"line":2,"column":4},"end":{"line":2,"column":16}},"1":{"start":{"line":5,"column":2},"end":{"line":5,"column":23}}},"fnMap":{"0":{"name":"add","decl":{"start":{"line":1,"column":9},"end":{"line":1,"column":12}},"loc":{"start":{"line":1,"column":18},"end":{"line":3,"column":1}},"line":1}},"branchMap":{},"s":{"0":1,"1":1},"f":{"0":1},"b":{},"_coverageSchema":"1a1c01bbd47fc00a2c39e90264f33305004495a9","hash":"8fec080d97922a5053ee6f279fca2599a4e33a95"}
}
